C51 COMPILER V9.60.7.0   LESSON3                                                           10/09/2024 16:55:59 PAGE 1   


C51 COMPILER V9.60.7.0, COMPILATION OF MODULE LESSON3
OBJECT MODULE PLACED IN .\Objects\lesson3.obj
COMPILER INVOKED BY: C:\Keil_v5\C51\BIN\C51.EXE lesson3.c OPTIMIZE(8,SPEED) BROWSE DEBUG OBJECTEXTEND PRINT(.\Listings\l
                    -esson3.lst) TABS(2) OBJECT(.\Objects\lesson3.obj)

line level    source

   1          #include <REG52.H>
   2          
   3          sbit LED = P0^1;
   4          sbit ADDR0 = P1^0;
   5          sbit ADDR1 = P1^1;
   6          sbit ADDR2 = P1^2;
   7          sbit ADDR3 = P1^3;
   8          sbit ENLED = P1^4;
   9          
  10          
  11          void main(){
  12   1        unsigned int i;
  13   1        ADDR3 = 1;
  14   1        ENLED = 0;
  15   1        //
  16   1        ADDR0 = 0;
  17   1        ADDR1 = 1;
  18   1        ADDR2 = 1;
  19   1        
  20   1        while(1){
  21   2          LED = 0;
  22   2          for(i = 0;i<30000;i++);
  23   2          LED = 1;
  24   2          for(i = 0;i<30000;i++);
  25   2        }
  26   1      }
  27            


MODULE INFORMATION:   STATIC OVERLAYABLE
   CODE SIZE        =     47    ----
   CONSTANT SIZE    =   ----    ----
   XDATA SIZE       =   ----    ----
   PDATA SIZE       =   ----    ----
   DATA SIZE        =   ----    ----
   IDATA SIZE       =   ----    ----
   BIT SIZE         =   ----    ----
END OF MODULE INFORMATION.


C51 COMPILATION COMPLETE.  0 WARNING(S),  0 ERROR(S)
