C51 COMPILER V9.60.7.0   MAIN                                                              10/30/2024 15:30:53 PAGE 1   


C51 COMPILER V9.60.7.0, COMPILATION OF MODULE MAIN
OBJECT MODULE PLACED IN .\Objects\main.obj
COMPILER INVOKED BY: C:\Keil_v5\C51\BIN\C51.EXE main.c OPTIMIZE(8,SPEED) BROWSE DEBUG OBJECTEXTEND PRINT(.\Listings\main
                    -.lst) TABS(2) OBJECT(.\Objects\main.obj)

line level    source

   1          //控制DS18B20测量温度并将温度值显示到液晶上
   2          #include <REG52.H>
   3          
   4          bit flagls = 0;//1s定时标志
   5          unsigned char T0RH = 0;
   6          unsigned char T0RL = 0;
   7          
   8          
   9          void ConfigTimer0(unsigned int ms);
  10          unsigned char IntToString(unsigned char *str, int dat);
  11          extern bit Start18B20();
  12          extern bit Get18B20Temp(int *temp);
  13          extern void InitLcd1602();
  14          extern void LcdShowStr(unsigned char x, unsigned char y, unsigned char *str);
  15          
  16          
  17          void main(){
  18   1        bit res;
  19   1        int temp;//读取到当前温度值
  20   1        int intT,decT;//温度值的整数和小数
  21   1        unsigned char len;
  22   1        unsigned char str[12];
  23   1        
  24   1        EA = 1;
  25   1        ConfigTimer0(10);//10ms
  26   1        Start18B20();//启动18B20
  27   1        InitLcd1602();
  28   1        
  29   1        while(1){
  30   2          if(flagls){//每秒更新一次温度
  31   3            flagls = 0;
  32   3            res = Get18B20Temp(&temp);//读取当前温度
  33   3            if(res){//读取成功时，刷新当前温度显示
  34   4              intT = temp>>4;
  35   4              decT = temp&0xf;
  36   4              len = IntToString(str,intT);//整数部分转换成字符串
  37   4              str[len++] = '.';
  38   4              decT = (decT*10)/16;//取一位小数
  39   4              str[len++] = decT+'0';
  40   4              while(len<6){
  41   5                str[len++] = ' ';
  42   5              }
  43   4              str[len] = '\0';
  44   4              LcdShowStr(0,0,str);
  45   4            }else{
  46   4              LcdShowStr(0,0,"error!");
  47   4            }
  48   3            Start18B20();
  49   3          }
  50   2        }
  51   1      }
  52          
  53          unsigned char IntToString(unsigned char *str,int dat){
  54   1        signed char i = 0;
C51 COMPILER V9.60.7.0   MAIN                                                              10/30/2024 15:30:53 PAGE 2   

  55   1        unsigned char len = 0;
  56   1        unsigned char buf[6];
  57   1        
  58   1        if(dat<0){
  59   2          dat = -dat;
  60   2          *str++ = '-';
  61   2          len++;
  62   2        }
  63   1        do{
  64   2          buf[i++] = dat%10;
  65   2          dat/=10;
  66   2        }while(dat>0);
  67   1        len+=i;
  68   1        while(i-->0){
  69   2          *str++ = buf[i]+'0';
  70   2        }
  71   1        *str = '\0';
  72   1        
  73   1        return len;
  74   1      }
  75          
  76          void ConfigTimer0(unsigned int ms){
  77   1        unsigned long tmp;
  78   1        
  79   1        tmp = 11059200/12;
  80   1        tmp = (tmp*ms)/1000;
  81   1        tmp = tmp+12;
  82   1        T0RH = (unsigned char)(tmp>>8);
  83   1        T0RL = (unsigned char)tmp;
  84   1        TMOD &= 0xf0;
  85   1        TMOD |= 0x01;
  86   1        TH0 = T0RH;
  87   1        TL0 = T0RL;
  88   1        ET0 = 1;
  89   1        TR0 = 1;
  90   1      }
  91          
  92          void InterruptTimer0() interrupt 1{
  93   1        static unsigned char tmrls= 0;
  94   1        TH0 = T0RH;
  95   1        TL0 = T0RL;
  96   1        tmrls++;
  97   1        if(tmrls>=100){
  98   2          tmrls = 0;
  99   2          flagls =1;
 100   2        }
 101   1      }


MODULE INFORMATION:   STATIC OVERLAYABLE
   CODE SIZE        =    450    ----
   CONSTANT SIZE    =      7    ----
   XDATA SIZE       =   ----    ----
   PDATA SIZE       =   ----    ----
   DATA SIZE        =      3      33
   IDATA SIZE       =   ----    ----
   BIT SIZE         =      1       1
END OF MODULE INFORMATION.


C51 COMPILATION COMPLETE.  0 WARNING(S),  0 ERROR(S)
