C51 COMPILER V9.60.7.0   LESSON11_2                                                        10/13/2024 10:35:37 PAGE 1   


C51 COMPILER V9.60.7.0, COMPILATION OF MODULE LESSON11_2
OBJECT MODULE PLACED IN .\Objects\lesson11_2.obj
COMPILER INVOKED BY: C:\Keil_v5\C51\BIN\C51.EXE lesson11_2.c OPTIMIZE(8,SPEED) BROWSE DEBUG OBJECTEXTEND PRINT(.\Listing
                    -s\lesson11_2.lst) TABS(2) OBJECT(.\Objects\lesson11_2.obj)

line level    source

   1          #include <REG52.H>
   2          
   3          void ConfigUART(unsigned int baud);
   4          
   5          void main(){
   6   1        EA = 1;
   7   1        ConfigUART(9600);
   8   1        while(1);
   9   1      }
  10          
  11          
  12          void ConfigUART(unsigned int baud){
  13   1        SCON = 0x50;
  14   1        TMOD &= 0x0f;
  15   1        TMOD |= 0x20;//配置T1为模式2
  16   1        TH1 = 256-(11059200/12/32)/baud;
  17   1        TL1 = TH1;
  18   1        ET1 = 0;
  19   1        ES = 1;//启用串口中断
  20   1        TR1 = 1;
  21   1      }
  22          
  23          
  24          void InterruptUART() interrupt 4{
  25   1        if(RI){
  26   2          RI = 0;
  27   2          SBUF +=1;
  28   2        }
  29   1        if(TI){
  30   2          TI = 0;
  31   2        }
  32   1      }


MODULE INFORMATION:   STATIC OVERLAYABLE
   CODE SIZE        =     64    ----
   CONSTANT SIZE    =   ----    ----
   XDATA SIZE       =   ----    ----
   PDATA SIZE       =   ----    ----
   DATA SIZE        =   ----    ----
   IDATA SIZE       =   ----    ----
   BIT SIZE         =   ----    ----
END OF MODULE INFORMATION.


C51 COMPILATION COMPLETE.  0 WARNING(S),  0 ERROR(S)
