C51 COMPILER V9.60.7.0   LCD1602                                                           10/16/2024 20:51:37 PAGE 1   


C51 COMPILER V9.60.7.0, COMPILATION OF MODULE LCD1602
OBJECT MODULE PLACED IN .\Objects\Lcd1602.obj
COMPILER INVOKED BY: C:\Keil_v5\C51\BIN\C51.EXE Lcd1602.c OPTIMIZE(8,SPEED) BROWSE DEBUG OBJECTEXTEND PRINT(.\Listings\L
                    -cd1602.lst) TABS(2) OBJECT(.\Objects\Lcd1602.obj)

line level    source

   1          #include <REG52.H>
   2          
   3          
   4          #define LCD1602_DB P0
   5          sbit LCD1602_RS = P1^0;
   6          sbit LCD1602_RW = P1^1;
   7          sbit LCD1602_E = P1^5;
   8          
   9          //等待液晶准备好
  10          void LcdWaitReady(){
  11   1        unsigned char sta;
  12   1        LCD1602_DB = 0xff;
  13   1        LCD1602_RS = 0;
  14   1        LCD1602_RW = 1;
  15   1        do{
  16   2          LCD1602_E = 1;
  17   2          sta = LCD1602_DB;
  18   2          LCD1602_E = 0;
  19   2        }while(sta&=0x80);
  20   1      }
  21          
  22          
  23          //写命令
  24          void LcdWriteCmd(unsigned char cmd){
  25   1        LcdWaitReady();//准备好
  26   1        LCD1602_RS = 0;
  27   1        LCD1602_RW = 0;
  28   1        LCD1602_DB = cmd;
  29   1        LCD1602_E = 1;
  30   1        LCD1602_E = 0;
  31   1      }
  32          
  33          //数据坐标初始化
  34          void LcdSetCursor(unsigned char x,unsigned char y){
  35   1        unsigned char addr;
  36   1        if(y == 0){
  37   2          addr = 0x00+x;
  38   2        }
  39   1        else{
  40   2          addr = 0x40+x;
  41   2        }
  42   1        LcdWriteCmd(addr|0x80);//初始化要+0x80；
  43   1      }
  44          
  45          void LcdWriteDat(unsigned char dat){
  46   1        //准备好
  47   1        LcdWaitReady();
  48   1        
  49   1        LCD1602_RS = 1;
  50   1        LCD1602_RW = 0;
  51   1        LCD1602_DB = dat;
  52   1        LCD1602_E = 1;
  53   1        LCD1602_E = 0;
  54   1      }
C51 COMPILER V9.60.7.0   LCD1602                                                           10/16/2024 20:51:37 PAGE 2   

  55          
  56          //在液晶上显示str
  57          void LcdShowStr(unsigned char x,unsigned char y,unsigned char *str){
  58   1        //设置坐标
  59   1        LcdSetCursor(x,y);
  60   1        //一个字节一个字节输入
  61   1        while(*str != '\0'){
  62   2          LcdWriteDat(*str++);
  63   2        }
  64   1      }
  65          
  66          //部分清除
  67          void LcdAreaClear(unsigned char x, unsigned char y, unsigned char len){
  68   1        LcdSetCursor(x,y);
  69   1        while(len--){
  70   2          LcdWriteDat(' ');//写入空格就是清除
  71   2        }
  72   1      }
  73          
  74          void InitLcd1602(){
  75   1        LcdWriteCmd(0x38);//16*2，5*7，8位数据接口
  76   1        LcdWriteCmd(0x0c);//显示器开，光标关闭
  77   1        LcdWriteCmd(0x06);//文字不动，地址加1
  78   1        LcdWriteCmd(0x01);//清屏
  79   1      }


MODULE INFORMATION:   STATIC OVERLAYABLE
   CODE SIZE        =    147    ----
   CONSTANT SIZE    =   ----    ----
   XDATA SIZE       =   ----    ----
   PDATA SIZE       =   ----    ----
   DATA SIZE        =   ----       3
   IDATA SIZE       =   ----    ----
   BIT SIZE         =   ----    ----
END OF MODULE INFORMATION.


C51 COMPILATION COMPLETE.  0 WARNING(S),  0 ERROR(S)
