C51 COMPILER V9.60.7.0   LESSON9_2                                                         10/12/2024 11:05:17 PAGE 1   


C51 COMPILER V9.60.7.0, COMPILATION OF MODULE LESSON9_2
OBJECT MODULE PLACED IN .\Objects\lesson9_2.obj
COMPILER INVOKED BY: C:\Keil_v5\C51\BIN\C51.EXE lesson9_2.c OPTIMIZE(8,SPEED) BROWSE DEBUG OBJECTEXTEND PRINT(.\Listings
                    -\lesson9_2.lst) TABS(2) OBJECT(.\Objects\lesson9_2.obj)

line level    source

   1          #include <REG52.H>
   2          
   3          unsigned long beats= 0;
   4          void StartMotor(unsigned long angle);
   5          void main(){
   6   1        
   7   1        EA = 1;
   8   1        TMOD = 0x01;
   9   1        TH0 = 0xf8;
  10   1        TL0 = 0xcd;
  11   1        ET0 = 1;
  12   1        TR0 = 1;
  13   1        
  14   1        StartMotor(360*2);
  15   1        while(1);
  16   1      }
  17          
  18          void StartMotor(unsigned long angle){
  19   1        EA = 0;
  20   1        beats = (angle*4096)/360;
  21   1        EA = 1;
  22   1      }
  23          
  24          void InterruptTime0() interrupt 1{
  25   1        unsigned char temp;
  26   1        static unsigned char index = 0;
  27   1        unsigned char code BeatCode[8] = {  //步进电机节拍对应的IO控制代码
  28   1              0xE, 0xC, 0xD, 0x9, 0xB, 0x3, 0x7, 0x6
  29   1        };
  30   1        TH0 = 0xf8;
  31   1        TL0 = 0xcd;
  32   1        if(beats != 0){
  33   2          temp = P1;
  34   2          temp&=0xf0;
  35   2          temp|=BeatCode[index++];
  36   2          P1 = temp;
  37   2          index&=0x07;
  38   2          beats--;
  39   2        }
  40   1        else{
  41   2          P1|=0x0f;
  42   2        }
  43   1      }


MODULE INFORMATION:   STATIC OVERLAYABLE
   CODE SIZE        =    207    ----
   CONSTANT SIZE    =      8    ----
   XDATA SIZE       =   ----    ----
   PDATA SIZE       =   ----    ----
   DATA SIZE        =      5       4
   IDATA SIZE       =   ----    ----
   BIT SIZE         =   ----    ----
END OF MODULE INFORMATION.

C51 COMPILER V9.60.7.0   LESSON9_2                                                         10/12/2024 11:05:17 PAGE 2   


C51 COMPILATION COMPLETE.  0 WARNING(S),  0 ERROR(S)
