C51 COMPILER V9.60.7.0   EEPROM                                                            10/20/2024 16:53:23 PAGE 1   


C51 COMPILER V9.60.7.0, COMPILATION OF MODULE EEPROM
OBJECT MODULE PLACED IN .\Objects\eeprom.obj
COMPILER INVOKED BY: C:\Keil_v5\C51\BIN\C51.EXE eeprom.c OPTIMIZE(8,SPEED) BROWSE DEBUG OBJECTEXTEND PRINT(.\Listings\ee
                    -prom.lst) OBJECT(.\Objects\eeprom.obj)

line level    source

   1          #include <REG52.H>
   2          
   3          extern void I2CStart();
   4          extern void I2CStop();
   5          extern unsigned char I2CReadACK();
   6          extern unsigned char I2CReadNAK();
   7          extern bit I2CWrite(unsigned char dat);
   8                  
   9          void E2Read(unsigned char *buf,unsigned char addr,unsigned char len){
  10   1              while(1){
  11   2                      I2CStart();
  12   2                      if(I2CWrite(0x50<<1)){
  13   3                              break;
  14   3                      }
  15   2                      I2CStop();
  16   2              }
  17   1              I2CWrite(addr);
  18   1              I2CStart();
  19   1              I2CWrite((0x50<<1)|0x01);//读
  20   1              while(len>1){//先读len-1个
  21   2                      *buf++ = I2CReadACK();
  22   2                      len--;
  23   2              }
  24   1              *buf++ = I2CReadNAK();
  25   1              I2CStop();
  26   1      }
  27          
  28          void E2Write(unsigned char *buf,unsigned char addr,unsigned char len){
  29   1              while(len>0){
  30   2                      while(1){
  31   3                              I2CStart();
  32   3                              if(I2CWrite(0x50<<1)){
  33   4                                      break;
  34   4                              }
  35   3                              I2CStop();
  36   3                      }
  37   2                      //按页模式连续写入
  38   2                      I2CWrite(addr);
  39   2                      while(len>0){
  40   3                              I2CWrite(*buf++);
  41   3                              len--;
  42   3                              addr++;
  43   3                              if((addr&0x7)==0){
  44   4                                      //为8的倍数就翻页
  45   4                                      break;
  46   4                              }
  47   3                      }
  48   2                      I2CStop();
  49   2              }
  50   1      }


MODULE INFORMATION:   STATIC OVERLAYABLE
   CODE SIZE        =    171    ----
C51 COMPILER V9.60.7.0   EEPROM                                                            10/20/2024 16:53:23 PAGE 2   

   CONSTANT SIZE    =   ----    ----
   XDATA SIZE       =   ----    ----
   PDATA SIZE       =   ----    ----
   DATA SIZE        =   ----      10
   IDATA SIZE       =   ----    ----
   BIT SIZE         =   ----    ----
END OF MODULE INFORMATION.


C51 COMPILATION COMPLETE.  0 WARNING(S),  0 ERROR(S)
