C51 COMPILER V9.60.7.0   LCD1602                                                           10/20/2024 16:53:23 PAGE 1   


C51 COMPILER V9.60.7.0, COMPILATION OF MODULE LCD1602
OBJECT MODULE PLACED IN .\Objects\Lcd1602.obj
COMPILER INVOKED BY: C:\Keil_v5\C51\BIN\C51.EXE Lcd1602.c OPTIMIZE(8,SPEED) BROWSE DEBUG OBJECTEXTEND PRINT(.\Listings\L
                    -cd1602.lst) OBJECT(.\Objects\Lcd1602.obj)

line level    source

   1          #include <REG52.H>
   2          
   3          #define LCD1602_DB P0
   4          sbit LCD1602_RS = P1^0;
   5          sbit LCD1602_RW = P1^1;
   6          sbit LCD1602_E = P1^5;
   7          
   8          void LcdWaitReady(){
   9   1              unsigned char sta;
  10   1              LCD1602_DB = 0xff;
  11   1              LCD1602_RS = 0;
  12   1              LCD1602_RW = 1;
  13   1              do{
  14   2                      LCD1602_E = 1;
  15   2                      sta = LCD1602_DB;
  16   2                      LCD1602_E = 0;
  17   2              }while(sta&0x80);
  18   1      }
  19          
  20          void LcdWriteCmd(unsigned char cmd){
  21   1              LcdWaitReady();//准备好
  22   1              LCD1602_RS = 0;
  23   1              LCD1602_RW = 0;
  24   1              LCD1602_DB = cmd;
  25   1              LCD1602_E = 1;
  26   1              LCD1602_E = 0;
  27   1      }
  28          
  29          void InitLcd1602(){
  30   1              LcdWriteCmd(0x38);//16*2显示,5*7点阵，8位数据接口
  31   1              LcdWriteCmd(0x0c);//显示器开，光标关闭
  32   1              LcdWriteCmd(0x06);//文字不动，地址自动加一
  33   1              LcdWriteCmd(0x01);//清屏
  34   1      }
  35          
  36          void LcdSetCursor(unsigned char x,unsigned char y){
  37   1              unsigned char addr;
  38   1              if(y==0){
  39   2                      addr = 0x00+x;
  40   2              }else{
  41   2                      addr = 0x40+x;
  42   2              }
  43   1              LcdWriteCmd(addr|0x80);
  44   1      }
  45          
  46          void LcdWriteDat(unsigned char dat){
  47   1              LcdWaitReady();
  48   1              LCD1602_RS =1;
  49   1              LCD1602_RW = 0;
  50   1              LCD1602_DB = dat;
  51   1              LCD1602_E = 1;
  52   1              LCD1602_E = 0;
  53   1      }
  54          
C51 COMPILER V9.60.7.0   LCD1602                                                           10/20/2024 16:53:23 PAGE 2   

  55          void LcdShowStr(unsigned char x,unsigned char y,unsigned char*str){
  56   1              LcdSetCursor(x,y);
  57   1              while(*str!='\0'){
  58   2                      LcdWriteDat(*str++);
  59   2              }
  60   1      }


MODULE INFORMATION:   STATIC OVERLAYABLE
   CODE SIZE        =    128    ----
   CONSTANT SIZE    =   ----    ----
   XDATA SIZE       =   ----    ----
   PDATA SIZE       =   ----    ----
   DATA SIZE        =   ----       3
   IDATA SIZE       =   ----    ----
   BIT SIZE         =   ----    ----
END OF MODULE INFORMATION.


C51 COMPILATION COMPLETE.  0 WARNING(S),  0 ERROR(S)
