C51 COMPILER V9.60.7.0   MAIN                                                              10/20/2024 16:53:22 PAGE 1   


C51 COMPILER V9.60.7.0, COMPILATION OF MODULE MAIN
OBJECT MODULE PLACED IN .\Objects\main.obj
COMPILER INVOKED BY: C:\Keil_v5\C51\BIN\C51.EXE main.c OPTIMIZE(8,SPEED) BROWSE DEBUG OBJECTEXTEND PRINT(.\Listings\main
                    -.lst) OBJECT(.\Objects\main.obj)

line level    source

   1          //用分页模式
   2          #include <REG52.H>
   3          
   4          extern void InitLcd1602();
   5          extern void LcdShowStr(unsigned char x, unsigned char y, unsigned char *str);
   6          extern void E2Read(unsigned char *buf, unsigned char addr, unsigned char len);
   7          extern void E2Write(unsigned char *buf, unsigned char addr, unsigned char len);
   8          void MemToStr(unsigned char *str, unsigned char *src, unsigned char len);
   9          
  10          void main(){
  11   1              unsigned char i;
  12   1              unsigned char buf[5];
  13   1              unsigned char str[20];
  14   1              
  15   1              InitLcd1602();
  16   1              E2Read(buf,0x90,sizeof(buf));//从E2中读取一段数据
  17   1              MemToStr(str,buf,sizeof(buf));//转换为16进制字符串
  18   1              LcdShowStr(0,0,str);
  19   1              for(i = 0;i<sizeof(buf);i++){
  20   2                      buf[i] = buf[i]+i;
  21   2              }
  22   1              E2Write(buf,0x90,sizeof(buf));//在写回去
  23   1              
  24   1              while(1);
  25   1      }
  26          
  27          void MemToStr(unsigned char *str, unsigned char *src, unsigned char len){
  28   1              unsigned char tmp;
  29   1              while(len--){
  30   2                      tmp = *src>>4;
  31   2                      if(tmp<=9){
  32   3                              *str++ = tmp+'0';
  33   3                      }else{
  34   3                              *str++ = tmp-10+'A';
  35   3                      }
  36   2                      tmp = *src & 0x0f;
  37   2                      if(tmp<=9){
  38   3                              *str++ = tmp+'0';
  39   3                      }else{
  40   3                              *str++ = tmp-10+'A';
  41   3                      }
  42   2                      *str++=' ';
  43   2                      src++;
  44   2              }
  45   1              *str = '\0';
  46   1      }


MODULE INFORMATION:   STATIC OVERLAYABLE
   CODE SIZE        =    253    ----
   CONSTANT SIZE    =   ----    ----
   XDATA SIZE       =   ----    ----
   PDATA SIZE       =   ----    ----
   DATA SIZE        =   ----      32
C51 COMPILER V9.60.7.0   MAIN                                                              10/20/2024 16:53:22 PAGE 2   

   IDATA SIZE       =   ----    ----
   BIT SIZE         =   ----    ----
END OF MODULE INFORMATION.


C51 COMPILATION COMPLETE.  0 WARNING(S),  0 ERROR(S)
