C51 COMPILER V9.60.7.0   LESSON7_1                                                         10/10/2024 15:08:01 PAGE 1   


C51 COMPILER V9.60.7.0, COMPILATION OF MODULE LESSON7_1
OBJECT MODULE PLACED IN .\Objects\lesson7_1.obj
COMPILER INVOKED BY: C:\Keil_v5\C51\BIN\C51.EXE lesson7_1.c OPTIMIZE(8,SPEED) BROWSE DEBUG OBJECTEXTEND PRINT(.\Listings
                    -\lesson7_1.lst) TABS(2) OBJECT(.\Objects\lesson7_1.obj)

line level    source

   1          #include <REG52.H>
   2          
   3          
   4          sbit ADDR0 = P1^0;
   5          sbit ADDR1 = P1^1;
   6          sbit ADDR2 = P1^2;
   7          sbit ADDR3 = P1^3;
   8          sbit ENLED = P1^4;
   9          
  10          unsigned char image[] = {
  11            0xFF,0xFF,0xFF,0xFF,0xFF,0xFF,0xFF,0xFF,0xFF,0x81,0x80,0xFC,0xFC,0x80,0x81,0xFF,
  12          0xC7,0x83,0x81,0xC0,0xC0,0x81,0x83,0xC7,0xFF,0x3C,0x3C,0x00,0x00,0x3C,0x3C,0xFF,
  13          0xFF,0xFF,0xFF,0xFF,0xFF,0xFF,0xFF,0xFF};
  14          
  15          void main(){
  16   1        
  17   1        ADDR3 = 0;
  18   1        ENLED = 0;
  19   1        
  20   1        EA = 1;
  21   1        ET0 = 1;
  22   1        
  23   1        TMOD = 0x01;
  24   1        TH0 = 0xfc;
  25   1        TL0 = 0x67;
  26   1        TR0 = 1;
  27   1        while(1);
  28   1      }
  29          
  30          void InterruptTimer0() interrupt 1{
  31   1        static unsigned char i = 0;
  32   1        static unsigned char index = 0;
  33   1        static unsigned char tmr = 0;
  34   1        TH0 = 0xfc;
  35   1        TL0 = 0x67;
  36   1        
  37   1        P0 = 0xff;
  38   1        switch(i){
  39   2          case 0:ADDR2 = 0;ADDR1 = 0;ADDR0 = 0;i++;P0 = image[index+0];break;
  40   2          case 1:ADDR2 = 0;ADDR1 = 0;ADDR0 = 1;i++;P0 = image[index+1];break;
  41   2          case 2:ADDR2 = 0;ADDR1 = 1;ADDR0 = 0;i++;P0 = image[index+2];break;
  42   2          case 3:ADDR2 = 0;ADDR1 = 1;ADDR0 = 1;i++;P0 = image[index+3];break;
  43   2          case 4:ADDR2 = 1;ADDR1 = 0;ADDR0 = 0;i++;P0 = image[index+4];break;
  44   2          case 5:ADDR2 = 1;ADDR1 = 0;ADDR0 = 1;i++;P0 = image[index+5];break;
  45   2          case 6:ADDR2 = 1;ADDR1 = 1;ADDR0 = 0;i++;P0 = image[index+6];break;
  46   2          case 7:ADDR2 = 1;ADDR1 = 1;ADDR0 = 1;i=0;P0 = image[index+7];break;
  47   2          default:break;
  48   2        }
  49   1        tmr++;
  50   1        if(tmr>=250){
  51   2          tmr=0;
  52   2          index++;
  53   2          if(index>=32){
  54   3            index = 0;
C51 COMPILER V9.60.7.0   LESSON7_1                                                         10/10/2024 15:08:01 PAGE 2   

  55   3          }
  56   2        }
  57   1      }


MODULE INFORMATION:   STATIC OVERLAYABLE
   CODE SIZE        =    219    ----
   CONSTANT SIZE    =   ----    ----
   XDATA SIZE       =   ----    ----
   PDATA SIZE       =   ----    ----
   DATA SIZE        =     43    ----
   IDATA SIZE       =   ----    ----
   BIT SIZE         =   ----    ----
END OF MODULE INFORMATION.


C51 COMPILATION COMPLETE.  0 WARNING(S),  0 ERROR(S)
