C51 COMPILER V9.60.7.0   MAIN                                                              10/20/2024 15:28:23 PAGE 1   


C51 COMPILER V9.60.7.0, COMPILATION OF MODULE MAIN
OBJECT MODULE PLACED IN .\Objects\main.obj
COMPILER INVOKED BY: C:\Keil_v5\C51\BIN\C51.EXE main.c OPTIMIZE(8,SPEED) BROWSE DEBUG OBJECTEXTEND PRINT(.\Listings\main
                    -.lst) OBJECT(.\Objects\main.obj)

line level    source

   1          //用单字节读写模式访问EEPEOM，每次+1后写回
   2          
   3          #include <REG52.H>
   4          
   5          extern InitLcd1602();
   6          extern LcdShowStr(unsigned char x,unsigned char y,unsigned char * str);
   7          extern I2CStart();
   8          extern I2CStop();
   9          extern unsigned char I2CReadNAK();
  10          extern bit I2CWrite(unsigned char dat);
  11          unsigned char E2ReadByte(unsigned char addr);
  12          void E2WriteByte(unsigned char addr,unsigned char dat);
  13          
  14          
  15          void main(){
  16   1              unsigned char dat;
  17   1              unsigned char str[10];
  18   1              InitLcd1602();
  19   1              dat = E2ReadByte(0x02);//读取指定地址上的一个字节
  20   1              str[0] = (dat/100)+'0';
  21   1              str[1] = (dat/10%10)+'0';
  22   1              str[2] = (dat%10)+'0';
  23   1              str[3] = '\0';
  24   1              LcdShowStr(0,0,str);
  25   1              dat++;
  26   1              E2WriteByte(0x02,dat);
  27   1              
  28   1              while(1);
  29   1      }
  30          
  31          unsigned char E2ReadByte(unsigned char addr){
  32   1              unsigned char dat;
  33   1              
  34   1              I2CStart();
  35   1              I2CWrite(0x50<<1);//寻址器件，后续为写操作
  36   1              I2CWrite(addr);//写入存储地址
  37   1              I2CStart();//发送重复启动信号
  38   1              I2CWrite((0x50<<1)|0x01);//后续为读操作
  39   1              dat = I2CReadNAK();//读取一个字节数据，给EEPROM 0
  40   1              I2CStop();
  41   1              
  42   1              return dat;
  43   1      }
  44          
  45          void E2WriteByte(unsigned char addr,unsigned char dat){
  46   1              I2CStart();
  47   1              I2CWrite(0x50<<1);
  48   1              I2CWrite(addr);
  49   1              I2CWrite(dat);
  50   1              I2CStop();
  51   1      }


MODULE INFORMATION:   STATIC OVERLAYABLE
C51 COMPILER V9.60.7.0   MAIN                                                              10/20/2024 15:28:23 PAGE 2   

   CODE SIZE        =    131    ----
   CONSTANT SIZE    =   ----    ----
   XDATA SIZE       =   ----    ----
   PDATA SIZE       =   ----    ----
   DATA SIZE        =   ----      15
   IDATA SIZE       =   ----    ----
   BIT SIZE         =   ----    ----
END OF MODULE INFORMATION.


C51 COMPILATION COMPLETE.  0 WARNING(S),  0 ERROR(S)
