C51 COMPILER V9.60.7.0   LESSON5                                                           10/09/2024 20:05:49 PAGE 1   


C51 COMPILER V9.60.7.0, COMPILATION OF MODULE LESSON5
OBJECT MODULE PLACED IN .\Objects\lesson5.obj
COMPILER INVOKED BY: C:\Keil_v5\C51\BIN\C51.EXE lesson5.c OPTIMIZE(8,SPEED) BROWSE DEBUG OBJECTEXTEND PRINT(.\Listings\l
                    -esson5.lst) TABS(2) OBJECT(.\Objects\lesson5.obj)

line level    source

   1          #include <REG52.H>
   2          
   3          sbit LED = P0^0;
   4          sbit ADDR0 = P1^0;
   5          sbit ADDR1 = P1^1;
   6          sbit ADDR2 = P1^2;
   7          sbit ADDR3 = P1^3;
   8          sbit ENLED = P1^4;
   9          
  10          void main(){
  11   1        unsigned char cnt = 0;
  12   1        P0 = 0xffff;
  13   1        ENLED = 0;
  14   1        ADDR3 = 1;
  15   1        ADDR2 = 1;
  16   1        ADDR1 = 1;
  17   1        ADDR0 = 0;
  18   1        TMOD = 0x01;
  19   1        //20ms,改变初始值可以设置进位的时间
  20   1        //x*12/11059200 = 0.02 x = 18432  T0 = y; y+x = 65536 y = 0xb800;
  21   1        TH0 = 0xB8;
  22   1        TL0 = 0x00;
  23   1        TR0 = 1;
  24   1        
  25   1        while(1){
  26   2          if(TF0==1){
  27   3            TF0 = 0;
  28   3            TH0 = 0xb8;
  29   3            TL0 = 0x00;
  30   3            cnt++;
  31   3            if(cnt>=50){
  32   4              cnt = 0;
  33   4              LED = ~LED;
  34   4            }
  35   3          }
  36   2        }
  37   1      }
  38              
  39            


MODULE INFORMATION:   STATIC OVERLAYABLE
   CODE SIZE        =     49    ----
   CONSTANT SIZE    =   ----    ----
   XDATA SIZE       =   ----    ----
   PDATA SIZE       =   ----    ----
   DATA SIZE        =   ----    ----
   IDATA SIZE       =   ----    ----
   BIT SIZE         =   ----    ----
END OF MODULE INFORMATION.


C51 COMPILATION COMPLETE.  0 WARNING(S),  0 ERROR(S)
