C51 COMPILER V9.60.7.0   LESSON12_1                                                        10/13/2024 13:30:34 PAGE 1   


C51 COMPILER V9.60.7.0, COMPILATION OF MODULE LESSON12_1
OBJECT MODULE PLACED IN .\Objects\lesson12_1.obj
COMPILER INVOKED BY: C:\Keil_v5\C51\BIN\C51.EXE lesson12_1.c OPTIMIZE(8,SPEED) BROWSE DEBUG OBJECTEXTEND PRINT(.\Listing
                    -s\lesson12_1.lst) TABS(2) OBJECT(.\Objects\lesson12_1.obj)

line level    source

   1          #include <REG52.H>
   2          
   3          #define LCD1602_DB P0
   4          sbit LCD1602_RS = P1^0;
   5          sbit LCD1602_RW = P1^1;
   6          sbit LCD1602_E = P1^5;
   7          
   8          void InitLcd1602();
   9          void LcdShowStr(unsigned char x,unsigned char y,unsigned char* str);
  10          
  11          void main(){
  12   1        unsigned char str[] = "Kingst Studio";
  13   1        LCD1602_E = 0;
  14   1        InitLcd1602();
  15   1        LcdShowStr(2,0,str);
  16   1        LcdShowStr(0,1,"Welcome to KST51");
  17   1        while(1);
  18   1      }
  19          void LcdWaitReady(){
  20   1        unsigned char sta = 0;
  21   1        LCD1602_DB = 0xFF;
  22   1        LCD1602_RS = 0;
  23   1        LCD1602_RW = 1;
  24   1        
  25   1        do{
  26   2          LCD1602_E = 1;
  27   2          sta = LCD1602_DB;
  28   2          LCD1602_E = 0;
  29   2        }while(sta&=0x80);
  30   1      }
  31          
  32          void LcdWriteCmd(unsigned char cmd){
  33   1        LcdWaitReady();
  34   1        LCD1602_RS = 0;
  35   1        LCD1602_RW = 0;
  36   1        LCD1602_DB = cmd;
  37   1        LCD1602_E = 1;
  38   1        LCD1602_E = 0;
  39   1      }
  40          
  41          void InitLcd1602(){
  42   1        LcdWriteCmd(0x38); //16*2 显示，5*7 点阵，8 位数据接口 
  43   1        LcdWriteCmd(0x0C); //显示器开，光标关闭 
  44   1        LcdWriteCmd(0x06); //文字不动，地址自动+1 
  45   1        LcdWriteCmd(0x01); //清屏
  46   1      }
  47          
  48          void LcdSetCursor(unsigned char x,unsigned char y){
  49   1        unsigned char addr;
  50   1        if(y==0){
  51   2          addr = 0x00+x;
  52   2        }
  53   1        else{
  54   2          addr = 0x40+x;
C51 COMPILER V9.60.7.0   LESSON12_1                                                        10/13/2024 13:30:34 PAGE 2   

  55   2        }
  56   1        //写进数据指针的设置
  57   1        LcdWriteCmd(addr |= 0x80);
  58   1      }
  59          
  60          void LcdWriteDat(unsigned char dat){
  61   1        LcdWaitReady();
  62   1        LCD1602_RS = 1;//写数据
  63   1        LCD1602_RW = 0;
  64   1        LCD1602_DB = dat;
  65   1        LCD1602_E = 1;
  66   1        LCD1602_E = 0;
  67   1      }
  68          
  69          void LcdShowStr(unsigned char x,unsigned char y,unsigned char* str){
  70   1        LcdSetCursor(x,y);//设置初始指针位置
  71   1        while(*str!='\0'){
  72   2          LcdWriteDat(*str++);
  73   2        }
  74   1      }


MODULE INFORMATION:   STATIC OVERLAYABLE
   CODE SIZE        =    183    ----
   CONSTANT SIZE    =     31    ----
   XDATA SIZE       =   ----    ----
   PDATA SIZE       =   ----    ----
   DATA SIZE        =   ----      17
   IDATA SIZE       =   ----    ----
   BIT SIZE         =   ----    ----
END OF MODULE INFORMATION.


C51 COMPILATION COMPLETE.  0 WARNING(S),  0 ERROR(S)
