C51 COMPILER V9.60.7.0   MAIN                                                              11/13/2024 20:21:02 PAGE 1   


C51 COMPILER V9.60.7.0, COMPILATION OF MODULE MAIN
OBJECT MODULE PLACED IN .\Objects\main.obj
COMPILER INVOKED BY: C:\Keil_v5\C51\BIN\C51.EXE main.c OPTIMIZE(8,SPEED) BROWSE DEBUG OBJECTEXTEND PRINT(.\Listings\main
                    -.lst) OBJECT(.\Objects\main.obj)

line level    source

   1          #include <REG52.H>
   2          
   3          bit flag300ms = 1;//300ms定时标志
   4          unsigned char T0RH = 0;
   5          unsigned char T0RL = 0;
   6          
   7          void ConfigTimer0(unsigned int ms); 
   8          unsigned char GetADCValue(unsigned char chn); 
   9          void ValueToString(unsigned char *str, unsigned char val); 
  10          extern void I2CStart(); 
  11          extern void I2CStop(); 
  12          extern unsigned char I2CReadACK(); 
  13          extern unsigned char I2CReadNAK(); 
  14          extern bit I2CWrite(unsigned char dat); 
  15          extern void InitLcd1602(); 
  16          extern void LcdShowStr(unsigned char x, unsigned char y, unsigned char *str);
  17          
  18          void main(){
  19   1              
  20   1              unsigned char val;
  21   1              unsigned char str[10];
  22   1              EA = 1;//开总中断
  23   1              ConfigTimer0(10);
  24   1              InitLcd1602();
  25   1              LcdShowStr(0,0,"AIN0  AIN1  AIN3");
  26   1              while(1){
  27   2                      if (flag300ms) 
  28   2                      { 
  29   3                              flag300ms = 0; 
  30   3                              //显示通道 0 的电压 
  31   3                               val = GetADCValue(0); //获取 ADC 通道 0 的转换值 
  32   3                               ValueToString(str, val); //转为字符串格式的电压值 
  33   3                               LcdShowStr(0, 1, str); //显示到液晶上 
  34   3                               //显示通道 1 的电压 
  35   3                               val = GetADCValue(1); 
  36   3                               ValueToString(str, val); 
  37   3                               LcdShowStr(6, 1, str); 
  38   3                               //显示通道 3 的电压 
  39   3                               val = GetADCValue(3); 
  40   3                               ValueToString(str, val); 
  41   3                               LcdShowStr(12, 1, str); 
  42   3                      } 
  43   2              }
  44   1      }
  45          
  46          //读取当前的ADC转换值,chn-ADC通道号0~3
  47          unsigned char GetADCValue(unsigned char chn){
  48   1              unsigned char val;
  49   1              
  50   1              I2CStart();
  51   1              if(!I2CWrite(0x48<<1)){//寻址
  52   2                      I2CStop();
  53   2                      return 0;
  54   2              }
C51 COMPILER V9.60.7.0   MAIN                                                              11/13/2024 20:21:02 PAGE 2   

  55   1              //0b01000000
  56   1              I2CWrite(0x40|chn);//写入控制字节
  57   1              I2CStart();
  58   1              I2CWrite((0x48<<1)|0x01);//寻址，指定后续为读操作
  59   1              I2CReadACK();//先空读一个字节,提供采样转换时间
  60   1              val = I2CReadNAK();//读取刚刚转换完的值
  61   1              I2CStop();
  62   1              return val;
  63   1      }
  64          
  65          void ValueToString(unsigned char *str, unsigned char val){
  66   1              //电压值=转换结果*2.5V/255，式中的 25 隐含了一位十进制小数 
  67   1               val = (val*25) / 255; 
  68   1               str[0] = (val/10) + '0'; //整数位字符 
  69   1               str[1] = '.'; //小数点 
  70   1               str[2] = (val%10) + '0'; //小数位字符 
  71   1               str[3] = 'V'; //电压单位 
  72   1               str[4] = '\0'; //结束符
  73   1      }
  74          void ConfigTimer0(int ms){
*** WARNING C235 IN LINE 74 OF main.c: parameter 1: different types
  75   1              unsigned long tmp;
  76   1              
  77   1              tmp = 11059200/12;
  78   1              tmp = (tmp*ms)/1000;
  79   1              tmp = 65536-tmp;
  80   1              tmp = tmp+12;
  81   1              
  82   1              T0RH = (unsigned char)(tmp>>8);
  83   1              T0RL = (unsigned char)tmp;
  84   1              TMOD &= 0xf0;
  85   1              TMOD |= 0x01;
  86   1              TH0 = T0RH;
  87   1              TL0 = T0RL;
  88   1              ET0 = 1;
  89   1              TR0 = 1;
  90   1      }
  91          
  92          void InterruptTimer0() interrupt 1{
  93   1              static unsigned char tmr300ms = 0;
  94   1              
  95   1              TH0 = T0RH;
  96   1              TL0 = T0RL;
  97   1              tmr300ms++;
  98   1              if(tmr300ms>=30){
  99   2                      tmr300ms = 0;
 100   2                      flag300ms = 1;
 101   2              }
 102   1      }


MODULE INFORMATION:   STATIC OVERLAYABLE
   CODE SIZE        =    382    ----
   CONSTANT SIZE    =     17    ----
   XDATA SIZE       =   ----    ----
   PDATA SIZE       =   ----    ----
   DATA SIZE        =      3      20
   IDATA SIZE       =   ----    ----
   BIT SIZE         =      1    ----
END OF MODULE INFORMATION.


C51 COMPILATION COMPLETE.  1 WARNING(S),  0 ERROR(S)
