C51 COMPILER V9.60.7.0   LCD1602                                                           10/23/2024 17:23:39 PAGE 1   


C51 COMPILER V9.60.7.0, COMPILATION OF MODULE LCD1602
OBJECT MODULE PLACED IN .\Objects\Lcd1602.obj
COMPILER INVOKED BY: C:\Keil_v5\C51\BIN\C51.EXE Lcd1602.c OPTIMIZE(8,SPEED) BROWSE DEBUG OBJECTEXTEND PRINT(.\Listings\L
                    -cd1602.lst) TABS(2) OBJECT(.\Objects\Lcd1602.obj)

line level    source

   1          #include <REG52.H>
   2          
   3          #define LCD1602_DB P0
   4          sbit LCD1602_RS = P1^0;
   5          sbit LCD1602_RW = P1^1;
   6          sbit LCD1602_E = P1^5;
   7          
   8          //等待液晶准备
   9          void LcdWaitReady(){
  10   1        unsigned char sta;
  11   1        LCD1602_DB = 0xff;
  12   1        LCD1602_RS = 0;
  13   1        LCD1602_RW = 1;
  14   1        do{
  15   2          LCD1602_E = 1;
  16   2          sta = LCD1602_DB;
  17   2          LCD1602_E = 0;
  18   2        }while(sta&0x80);//bit7==1忙
  19   1      }
  20          
  21          //写指令
  22          void LcdWriteCmd(unsigned char cmd){
  23   1        LcdWaitReady();
  24   1        LCD1602_RS = 0;
  25   1        LCD1602_RW = 0;
  26   1        LCD1602_DB = cmd;
  27   1        LCD1602_E = 1;
  28   1        LCD1602_E = 0;
  29   1      }
  30          
  31          
  32          //写入数据
  33          void LcdWriteDat(unsigned char dat){
  34   1        LcdWaitReady();
  35   1        LCD1602_RS = 1;
  36   1        LCD1602_RW = 0;
  37   1        LCD1602_DB = dat;
  38   1        LCD1602_E = 1;
  39   1        LCD1602_E = 0;
  40   1      }
  41          
  42          //设置显示RAM起始地址
  43          void LcdSetCursor(unsigned char x,unsigned char y){
  44   1        unsigned char addr;
  45   1        if(y==0){
  46   2          addr = 0x00+x;
  47   2        }else{
  48   2          addr = 0x40+x;
  49   2        }
  50   1        LcdWriteCmd(addr|0x80);
  51   1      }
  52          
  53          
  54          //显示
C51 COMPILER V9.60.7.0   LCD1602                                                           10/23/2024 17:23:39 PAGE 2   

  55          void LcdShowStr(unsigned char x,unsigned char y,unsigned char *str){
  56   1        LcdSetCursor(x,y);
  57   1        while(*str!='\0'){
  58   2          LcdWriteDat(*str++);
  59   2        }
  60   1      }
  61          
  62          //初始化液晶
  63          void InitLcd1602(){
  64   1        LcdWriteCmd(0x38);
  65   1        LcdWriteCmd(0x0c);
  66   1        LcdWriteCmd(0x06);
  67   1        LcdWriteCmd(0x01);
  68   1      }


MODULE INFORMATION:   STATIC OVERLAYABLE
   CODE SIZE        =    128    ----
   CONSTANT SIZE    =   ----    ----
   XDATA SIZE       =   ----    ----
   PDATA SIZE       =   ----    ----
   DATA SIZE        =   ----       3
   IDATA SIZE       =   ----    ----
   BIT SIZE         =   ----    ----
END OF MODULE INFORMATION.


C51 COMPILATION COMPLETE.  0 WARNING(S),  0 ERROR(S)
