C51 COMPILER V9.60.7.0   LESSON6_2                                                         10/10/2024 12:41:36 PAGE 1   


C51 COMPILER V9.60.7.0, COMPILATION OF MODULE LESSON6_2
OBJECT MODULE PLACED IN .\Objects\lesson6_2.obj
COMPILER INVOKED BY: C:\Keil_v5\C51\BIN\C51.EXE lesson6_2.c OPTIMIZE(8,SPEED) BROWSE DEBUG OBJECTEXTEND PRINT(.\Listings
                    -\lesson6_2.lst) TABS(2) OBJECT(.\Objects\lesson6_2.obj)

line level    source

   1          #include <REG52.H>
   2          
   3          
   4          sbit ADDR0 = P1^0;
   5          sbit ADDR1 = P1^1;
   6          sbit ADDR2 = P1^2;
   7          sbit ADDR3 = P1^3;
   8          sbit ENLED = P1^4;
   9          
  10          unsigned char code LedChar[] = {
  11            0xc0,0xf9,0xa4,0xb0,0x99,0x92,0x82,0xf8,0x80,0x90,
  12            0x88,0x83,0xc6,0xa1,0x86,0x8e};
  13          unsigned char LedBuff[6] = {
  14            0xff,0xff,0xff,0xff,0xff,0xff};
  15          unsigned char flag1s = 0;
  16          unsigned char i;
  17          unsigned int cnt; 
  18          void main(){
  19   1        unsigned long sec;
  20   1        
  21   1        ADDR3 = 1;
  22   1        ENLED = 0;
  23   1        
  24   1        TMOD = 0x01;
  25   1        TH0 = 0xfc;
  26   1        TL0 = 0x67;
  27   1        TR0 = 1;
  28   1        
  29   1        EA = 1;
  30   1        ET0 = 1;
  31   1        
  32   1        while(1){
  33   2          if(TF0 == 1){
  34   3            TF0 =0;
  35   3            if(flag1s){
  36   4              flag1s = 0;
  37   4              sec++;
  38   4              LedBuff[0] = LedChar[sec%10];
  39   4              LedBuff[1] = LedChar[sec/10%10];
  40   4              LedBuff[2] = LedChar[sec/100%10];
  41   4              LedBuff[3] = LedChar[sec/1000%10];
  42   4              LedBuff[4] = LedChar[sec/10000%10];
  43   4              LedBuff[5] = LedChar[sec/100000%10];
  44   4            }
  45   3          }
  46   2        }
  47   1      }
  48                
  49          void InterruptTime0() interrupt 1{
  50   1        TH0 = 0xfc;
  51   1        TL0 = 0x67;
  52   1        cnt++;
  53   1        if(cnt>=1000){
  54   2          cnt = 0;
C51 COMPILER V9.60.7.0   LESSON6_2                                                         10/10/2024 12:41:36 PAGE 2   

  55   2          flag1s = 1;
  56   2        }
  57   1        P0 = 0xff;
  58   1        switch(i){
  59   2          case 0:ADDR2 = 0;ADDR1 = 0;ADDR0 = 0;i++;P0 = LedBuff[0];break;
  60   2          case 1:ADDR2 = 0;ADDR1 = 0;ADDR0 = 1;i++;P0 = LedBuff[1];break;
  61   2          case 2:ADDR2 = 0;ADDR1 = 1;ADDR0 = 0;i++;P0 = LedBuff[2];break;
  62   2          case 3:ADDR2 = 0;ADDR1 = 1;ADDR0 = 1;i++;P0 = LedBuff[3];break;
  63   2          case 4:ADDR2 = 1;ADDR1 = 0;ADDR0 = 0;i++;P0 = LedBuff[4];break;
  64   2          case 5:ADDR2 = 1;ADDR1 = 0;ADDR0 = 1;i=0;P0 = LedBuff[5];break;
  65   2          default:break;
  66   2        }
  67   1      }


MODULE INFORMATION:   STATIC OVERLAYABLE
   CODE SIZE        =    432    ----
   CONSTANT SIZE    =     16    ----
   XDATA SIZE       =   ----    ----
   PDATA SIZE       =   ----    ----
   DATA SIZE        =     10       4
   IDATA SIZE       =   ----    ----
   BIT SIZE         =   ----    ----
END OF MODULE INFORMATION.


C51 COMPILATION COMPLETE.  0 WARNING(S),  0 ERROR(S)
