C51 COMPILER V9.60.7.0   LESSON4                                                           10/09/2024 17:29:59 PAGE 1   


C51 COMPILER V9.60.7.0, COMPILATION OF MODULE LESSON4
OBJECT MODULE PLACED IN .\Objects\lesson4.obj
COMPILER INVOKED BY: C:\Keil_v5\C51\BIN\C51.EXE lesson4.c OPTIMIZE(8,SPEED) BROWSE DEBUG OBJECTEXTEND PRINT(.\Listings\l
                    -esson4.lst) TABS(2) OBJECT(.\Objects\lesson4.obj)

line level    source

   1          #include <REG52.H>
   2          
   3          sbit ADDR0 = P1^0;
   4          sbit ADDR1 = P1^1;
   5          sbit ADDR2 = P1^2;
   6          sbit ADDR3 = P1^3;
   7          sbit ENLED = P1^4;
   8          
   9          void main(){
  10   1        int i,j;
  11   1        unsigned int p = 0xff;
  12   1        ENLED = 0;
  13   1        ADDR3 = 1;
  14   1        ADDR2 = 1;
  15   1        ADDR1 = 1;
  16   1        ADDR0 = 0;
  17   1        while(1){
  18   2          for(i = 0;i<8;i++){
  19   3            P0 = p^(1<<i);
  20   3            for(j = 0;j<30000;j++);
  21   3          }
  22   2        }
  23   1      }


MODULE INFORMATION:   STATIC OVERLAYABLE
   CODE SIZE        =     60    ----
   CONSTANT SIZE    =   ----    ----
   XDATA SIZE       =   ----    ----
   PDATA SIZE       =   ----    ----
   DATA SIZE        =   ----    ----
   IDATA SIZE       =   ----    ----
   BIT SIZE         =   ----    ----
END OF MODULE INFORMATION.


C51 COMPILATION COMPLETE.  0 WARNING(S),  0 ERROR(S)
