C51 COMPILER V9.60.7.0   LCD1602                                                           10/16/2024 14:26:22 PAGE 1   


C51 COMPILER V9.60.7.0, COMPILATION OF MODULE LCD1602
OBJECT MODULE PLACED IN .\Objects\lcd1602.obj
COMPILER INVOKED BY: C:\Keil_v5\C51\BIN\C51.EXE lcd1602.c OPTIMIZE(8,SPEED) BROWSE DEBUG OBJECTEXTEND PRINT(.\Listings\l
                    -cd1602.lst) TABS(2) OBJECT(.\Objects\lcd1602.obj)

line level    source

   1          #include <REG52.H>
   2          
   3          #define LCD1602_DB P0
   4          sbit LCD1602_RS = P1^0;
   5          sbit LCD1602_RW = P1^1;
   6          sbit LCD1602_E = P1^5;
   7          
   8          //等待液晶准备
   9          void LcdWaitReady(){
  10   1        unsigned char sta;
  11   1        LCD1602_DB = 0xFF;
  12   1        LCD1602_RS = 0;//指令
  13   1        LCD1602_RW = 1;//读
  14   1        do{
  15   2          LCD1602_E = 1;
  16   2          sta = LCD1602_DB;
  17   2          LCD1602_E = 0;
  18   2        }while(sta&0x80);//状态不忙通过
  19   1      }
  20          
  21          
  22          //写入状态
  23          void LcdWriteCmd(unsigned char cmd){
  24   1        LcdWaitReady();//准备好
  25   1        LCD1602_DB = 0xff;
  26   1        LCD1602_RS = 0;
  27   1        LCD1602_RW = 0;
  28   1        LCD1602_DB = cmd;//准备数据
  29   1        LCD1602_E = 1;
  30   1        LCD1602_E = 0;
  31   1      }
  32          
  33          //设置数据指针位置
  34          void LcdSetCursor(unsigned char x,unsigned char y){
  35   1        unsigned char addr;//数据指针地址
  36   1        
  37   1        if(y==0){
  38   2          addr = 0x00+x;
  39   2        }
  40   1        else{
  41   2          addr = 0x40+x;
  42   2        }
  43   1        LcdWriteCmd(addr|0x80);//写入指令
  44   1      }
  45          
  46          //写入数据
  47          void LcdWriteDat(unsigned char dat){
  48   1        LcdWaitReady();//准备好
  49   1        LCD1602_DB = 0xff;
  50   1        LCD1602_RS = 1;
  51   1        LCD1602_RW = 0;
  52   1        LCD1602_DB = dat;
  53   1        LCD1602_E = 1;
  54   1        LCD1602_E = 0;
C51 COMPILER V9.60.7.0   LCD1602                                                           10/16/2024 14:26:22 PAGE 2   

  55   1      }
  56          
  57          void LcdShowStr(unsigned char x,unsigned char y,unsigned char*str){
  58   1        //数据指针设置
  59   1        LcdSetCursor(x,y);
  60   1        //显示（连续写入字符）
  61   1        while(*str!='\0'){
  62   2          LcdWriteDat(*str++);
  63   2        }
  64   1      }
  65          
  66          //初始化
  67          void InitLcd1602(){
  68   1        LcdWriteCmd(0x38);//16*2显示模式
  69   1        LcdWriteCmd(0x0c);//显示器开
  70   1        LcdWriteCmd(0x06);//文字不动
  71   1        LcdWriteCmd(0x01);//清屏
  72   1      }
  73          
  74          //整屏清除
  75          void LcdFullClear(){
  76   1        LcdWriteCmd(0x01);
  77   1      }
  78          
  79          //区域清除
  80          void LcdAreaClear(unsigned char x, unsigned char y, unsigned char len){
  81   1        LcdSetCursor(x, y);
  82   1        while(len--){
  83   2          LcdWriteDat(' ');
  84   2        }
  85   1      }


MODULE INFORMATION:   STATIC OVERLAYABLE
   CODE SIZE        =    156    ----
   CONSTANT SIZE    =   ----    ----
   XDATA SIZE       =   ----    ----
   PDATA SIZE       =   ----    ----
   DATA SIZE        =   ----       3
   IDATA SIZE       =   ----    ----
   BIT SIZE         =   ----    ----
END OF MODULE INFORMATION.


C51 COMPILATION COMPLETE.  0 WARNING(S),  0 ERROR(S)
